┌──────────────────────┐
│ List<MemberVO>       │
└──────────────────────┘
MemberVO [memberId=pcwk01, name=이상무01, password=4321a, email=yejiad12@gmail.com, loginCount=0, regDt=2025-04-18, role=일반, toString()=com.pcwk.ehr.member.vo.MemberVO@663c9e7a]
MemberVO [memberId=pcwk02, name=이상무02, password=4321a, email=yejiad12@gmail.com, loginCount=0, regDt=2025-04-19, role=일반, toString()=com.pcwk.ehr.member.vo.MemberVO@35dab4eb]
MemberVO [memberId=pcwk03, name=이상무03, password=4321a, email=yejiad12@gmail.com, loginCount=0, regDt=2025-04-20, role=일반, toString()=com.pcwk.ehr.member.vo.MemberVO@2d901eb0]
MemberVO [memberId=pcwk04, name=이상무04, password=4321a, email=yejiad12@gmail.com, loginCount=0, regDt=2025-04-21, role=일반, toString()=com.pcwk.ehr.member.vo.MemberVO@3ba987b8]
MemberVO [memberId=pcwk05, name=이상무05, password=4321a, email=yejiad12@gmail.com, loginCount=0, regDt=2025-04-22, role=관리자, toString()=com.pcwk.ehr.member.vo.MemberVO@3f191845]
┌──────────────────────┐
│ List<MemberVO>       │
└──────────────────────┘
MemberVO [memberId=pcwk01, name=이상무01, password=4321a, email=yejiad12@gmail.com, loginCount=0, regDt=2025-04-18, role=일반, toString()=com.pcwk.ehr.member.vo.MemberVO@54422e18]
MemberVO [memberId=pcwk02, name=이상무02, password=4321a, email=yejiad12@gmail.com, loginCount=0, regDt=2025-04-19, role=일반, toString()=com.pcwk.ehr.member.vo.MemberVO@75437611]
MemberVO [memberId=pcwk03, name=이상무03, password=4321a, email=yejiad12@gmail.com, loginCount=0, regDt=2025-04-20, role=일반, toString()=com.pcwk.ehr.member.vo.MemberVO@350aac89]
MemberVO [memberId=pcwk04, name=이상무04, password=4321a, email=yejiad12@gmail.com, loginCount=0, regDt=2025-04-21, role=일반, toString()=com.pcwk.ehr.member.vo.MemberVO@1c5920df]
MemberVO [memberId=pcwk05, name=이상무05, password=4321a, email=yejiad12@gmail.com, loginCount=0, regDt=2025-04-22, role=관리자, toString()=com.pcwk.ehr.member.vo.MemberVO@17f9d882]
┌──────────────────────┐
│ List<MemberVO>       │
└──────────────────────┘
MemberVO [memberId=pcwk01, name=이상무01, password=4321a, email=yejiad12@gmail.com, loginCount=0, regDt=2025-04-18, role=일반, toString()=com.pcwk.ehr.member.vo.MemberVO@54422e18]
MemberVO [memberId=pcwk02, name=이상무02, password=4321a, email=yejiad12@gmail.com, loginCount=0, regDt=2025-04-19, role=일반, toString()=com.pcwk.ehr.member.vo.MemberVO@75437611]
MemberVO [memberId=pcwk03, name=이상무03, password=4321a, email=yejiad12@gmail.com, loginCount=0, regDt=2025-04-20, role=일반, toString()=com.pcwk.ehr.member.vo.MemberVO@350aac89]
MemberVO [memberId=pcwk04, name=이상무04, password=4321a, email=yejiad12@gmail.com, loginCount=0, regDt=2025-04-21, role=일반, toString()=com.pcwk.ehr.member.vo.MemberVO@1c5920df]
MemberVO [memberId=pcwk05, name=이상무05, password=4321a, email=yejiad12@gmail.com, loginCount=0, regDt=2025-04-22, role=관리자, toString()=com.pcwk.ehr.member.vo.MemberVO@17f9d882]
┌──────────────────────┐
│ List<MemberVO>       │
└──────────────────────┘
MemberVO [memberId=pcwk01, name=이상무01, password=4321a, email=yejiad12@gmail.com, loginCount=0, regDt=2025-04-18, role=일반, toString()=com.pcwk.ehr.member.vo.MemberVO@54422e18]
MemberVO [memberId=pcwk02, name=이상무02, password=4321a, email=yejiad12@gmail.com, loginCount=0, regDt=2025-04-19, role=일반, toString()=com.pcwk.ehr.member.vo.MemberVO@75437611]
MemberVO [memberId=pcwk03, name=이상무03, password=4321a, email=yejiad12@gmail.com, loginCount=0, regDt=2025-04-20, role=일반, toString()=com.pcwk.ehr.member.vo.MemberVO@350aac89]
MemberVO [memberId=pcwk04, name=이상무04, password=4321a, email=yejiad12@gmail.com, loginCount=0, regDt=2025-04-21, role=일반, toString()=com.pcwk.ehr.member.vo.MemberVO@1c5920df]
MemberVO [memberId=pcwk05, name=이상무05, password=4321a, email=yejiad12@gmail.com, loginCount=0, regDt=2025-04-22, role=관리자, toString()=com.pcwk.ehr.member.vo.MemberVO@17f9d882]
┌──────────────────────┐
│ List<MemberVO>       │
└──────────────────────┘
MemberVO [memberId=pcwk01, name=이상무01, password=4321a, email=yejiad12@gmail.com, loginCount=0, regDt=2025-04-18, role=일반, toString()=com.pcwk.ehr.member.vo.MemberVO@54422e18]
MemberVO [memberId=pcwk02, name=이상무02, password=4321a, email=yejiad12@gmail.com, loginCount=0, regDt=2025-04-19, role=일반, toString()=com.pcwk.ehr.member.vo.MemberVO@75437611]
MemberVO [memberId=pcwk03, name=이상무03, password=4321a, email=yejiad12@gmail.com, loginCount=0, regDt=2025-04-20, role=일반, toString()=com.pcwk.ehr.member.vo.MemberVO@350aac89]
MemberVO [memberId=pcwk04, name=이상무04, password=4321a, email=yejiad12@gmail.com, loginCount=0, regDt=2025-04-21, role=일반, toString()=com.pcwk.ehr.member.vo.MemberVO@1c5920df]
MemberVO [memberId=pcwk05, name=이상무05, password=4321a, email=yejiad12@gmail.com, loginCount=0, regDt=2025-04-22, role=관리자, toString()=com.pcwk.ehr.member.vo.MemberVO@17f9d882]
┌──────────────────────┐
│ List<MemberVO>       │
└──────────────────────┘
MemberVO [memberId=pcwk01, name=이상무01, password=4321a, email=yejiad12@gmail.com, loginCount=0, regDt=2025-04-18, role=일반, toString()=com.pcwk.ehr.member.vo.MemberVO@54422e18]
MemberVO [memberId=pcwk02, name=이상무02, password=4321a, email=yejiad12@gmail.com, loginCount=0, regDt=2025-04-19, role=일반, toString()=com.pcwk.ehr.member.vo.MemberVO@75437611]
MemberVO [memberId=pcwk03, name=이상무03, password=4321a, email=yejiad12@gmail.com, loginCount=0, regDt=2025-04-20, role=일반, toString()=com.pcwk.ehr.member.vo.MemberVO@350aac89]
MemberVO [memberId=pcwk04, name=이상무04, password=4321a, email=yejiad12@gmail.com, loginCount=0, regDt=2025-04-21, role=일반, toString()=com.pcwk.ehr.member.vo.MemberVO@1c5920df]
MemberVO [memberId=pcwk05, name=이상무05, password=4321a, email=yejiad12@gmail.com, loginCount=0, regDt=2025-04-22, role=관리자, toString()=com.pcwk.ehr.member.vo.MemberVO@17f9d882]
1. param:MemberVO [memberId=pcwk08, name=이상무01, password=4321a, email=yejiad14@gmail.com, loginCount=0, regDt=2025-04-23, role=일반, toString()=com.pcwk.ehr.member.vo.MemberVO@79e4c792]
2. flag:MemberVO [memberId=pcwk08, name=이상무01, password=4321a, email=yejiad14@gmail.com, loginCount=0, regDt=2025-04-23, role=일반, toString()=com.pcwk.ehr.member.vo.MemberVO@79e4c792]
┌──────────────────────┐
│ List<MemberVO>       │
└──────────────────────┘
MemberVO [memberId=pcwk01, name=이상무01, password=4321a, email=yejiad12@gmail.com, loginCount=0, regDt=2025-04-18, role=일반, toString()=com.pcwk.ehr.member.vo.MemberVO@54422e18]
MemberVO [memberId=pcwk02, name=이상무02, password=4321a, email=yejiad12@gmail.com, loginCount=0, regDt=2025-04-19, role=일반, toString()=com.pcwk.ehr.member.vo.MemberVO@75437611]
MemberVO [memberId=pcwk03, name=이상무03, password=4321a, email=yejiad12@gmail.com, loginCount=0, regDt=2025-04-20, role=일반, toString()=com.pcwk.ehr.member.vo.MemberVO@350aac89]
MemberVO [memberId=pcwk04, name=이상무04, password=4321a, email=yejiad12@gmail.com, loginCount=0, regDt=2025-04-21, role=일반, toString()=com.pcwk.ehr.member.vo.MemberVO@1c5920df]
MemberVO [memberId=pcwk05, name=이상무05, password=4321a, email=yejiad12@gmail.com, loginCount=0, regDt=2025-04-22, role=관리자, toString()=com.pcwk.ehr.member.vo.MemberVO@17f9d882]
1. param:MemberVO [memberId=pcwk08, name=이상무01, password=4321a, email=yejiad14@gmail.com, loginCount=0, regDt=2025-04-23, role=일반, toString()=com.pcwk.ehr.member.vo.MemberVO@79e4c792]
2. flag:1
┌──────────────────────┐
│ List<MemberVO>       │
└──────────────────────┘
MemberVO [memberId=pcwk01, name=이상무01, password=4321a, email=yejiad12@gmail.com, loginCount=0, regDt=2025-04-18, role=일반, toString()=com.pcwk.ehr.member.vo.MemberVO@54422e18]
MemberVO [memberId=pcwk02, name=이상무02, password=4321a, email=yejiad12@gmail.com, loginCount=0, regDt=2025-04-19, role=일반, toString()=com.pcwk.ehr.member.vo.MemberVO@75437611]
MemberVO [memberId=pcwk03, name=이상무03, password=4321a, email=yejiad12@gmail.com, loginCount=0, regDt=2025-04-20, role=일반, toString()=com.pcwk.ehr.member.vo.MemberVO@350aac89]
MemberVO [memberId=pcwk04, name=이상무04, password=4321a, email=yejiad12@gmail.com, loginCount=0, regDt=2025-04-21, role=일반, toString()=com.pcwk.ehr.member.vo.MemberVO@1c5920df]
MemberVO [memberId=pcwk05, name=이상무05, password=4321a, email=yejiad12@gmail.com, loginCount=0, regDt=2025-04-22, role=관리자, toString()=com.pcwk.ehr.member.vo.MemberVO@17f9d882]
1. param:MemberVO [memberId=pcwk08, name=이상무01, password=4321a, email=yejiad14@gmail.com, loginCount=0, regDt=2025-04-23, role=일반, toString()=com.pcwk.ehr.member.vo.MemberVO@79e4c792]
2. flag:1
┌──────────────────────┐
│ List<MemberVO>       │
└──────────────────────┘
MemberVO [memberId=pcwk01, name=이상무01, password=4321a, email=yejiad12@gmail.com, loginCount=0, regDt=2025-04-18, role=일반, toString()=com.pcwk.ehr.member.vo.MemberVO@54422e18]
MemberVO [memberId=pcwk02, name=이상무02, password=4321a, email=yejiad12@gmail.com, loginCount=0, regDt=2025-04-19, role=일반, toString()=com.pcwk.ehr.member.vo.MemberVO@75437611]
MemberVO [memberId=pcwk03, name=이상무03, password=4321a, email=yejiad12@gmail.com, loginCount=0, regDt=2025-04-20, role=일반, toString()=com.pcwk.ehr.member.vo.MemberVO@350aac89]
MemberVO [memberId=pcwk04, name=이상무04, password=4321a, email=yejiad12@gmail.com, loginCount=0, regDt=2025-04-21, role=일반, toString()=com.pcwk.ehr.member.vo.MemberVO@1c5920df]
MemberVO [memberId=pcwk05, name=이상무05, password=4321a, email=yejiad12@gmail.com, loginCount=0, regDt=2025-04-22, role=관리자, toString()=com.pcwk.ehr.member.vo.MemberVO@17f9d882]
1. param:MemberVO [memberId=pcwk06, name=이상무01, password=4321a, email=yejiad12@gmail.com, loginCount=0, regDt=2025-04-23, role=일반, toString()=com.pcwk.ehr.member.vo.MemberVO@79e4c792]
2. flag:1
┌──────────────────────┐
│ List<MemberVO>       │
└──────────────────────┘
MemberVO [memberId=pcwk01, name=이상무01, password=4321a, email=yejiad12@gmail.com, loginCount=0, regDt=2025-04-18, role=일반, toString()=com.pcwk.ehr.member.vo.MemberVO@54422e18]
MemberVO [memberId=pcwk02, name=이상무02, password=4321a, email=yejiad12@gmail.com, loginCount=0, regDt=2025-04-19, role=일반, toString()=com.pcwk.ehr.member.vo.MemberVO@75437611]
MemberVO [memberId=pcwk03, name=이상무03, password=4321a, email=yejiad12@gmail.com, loginCount=0, regDt=2025-04-20, role=일반, toString()=com.pcwk.ehr.member.vo.MemberVO@350aac89]
MemberVO [memberId=pcwk04, name=이상무04, password=4321a, email=yejiad12@gmail.com, loginCount=0, regDt=2025-04-21, role=일반, toString()=com.pcwk.ehr.member.vo.MemberVO@1c5920df]
MemberVO [memberId=pcwk05, name=이상무05, password=4321a, email=yejiad12@gmail.com, loginCount=0, regDt=2025-04-22, role=관리자, toString()=com.pcwk.ehr.member.vo.MemberVO@17f9d882]
1. param:MemberVO [memberId=pcwk06, name=이상무01, password=4321a, email=yejiad12@gmail.com, loginCount=0, regDt=2025-04-23, role=일반, toString()=com.pcwk.ehr.member.vo.MemberVO@79e4c792]
2. flag:1
┌──────────────────────┐
│ List<MemberVO>       │
└──────────────────────┘
MemberVO [memberId=pcwk01, name=이상무01, password=4321a, email=yejiad12@gmail.com, loginCount=0, regDt=2025-04-18, role=일반, toString()=com.pcwk.ehr.member.vo.MemberVO@54422e18]
MemberVO [memberId=pcwk02, name=이상무02, password=4321a, email=yejiad12@gmail.com, loginCount=0, regDt=2025-04-19, role=일반, toString()=com.pcwk.ehr.member.vo.MemberVO@75437611]
MemberVO [memberId=pcwk03, name=이상무03, password=4321a, email=yejiad12@gmail.com, loginCount=0, regDt=2025-04-20, role=일반, toString()=com.pcwk.ehr.member.vo.MemberVO@350aac89]
MemberVO [memberId=pcwk04, name=이상무04, password=4321a, email=yejiad12@gmail.com, loginCount=0, regDt=2025-04-21, role=일반, toString()=com.pcwk.ehr.member.vo.MemberVO@1c5920df]
MemberVO [memberId=pcwk05, name=이상무05, password=4321a, email=yejiad12@gmail.com, loginCount=0, regDt=2025-04-22, role=관리자, toString()=com.pcwk.ehr.member.vo.MemberVO@17f9d882]
1. param:MemberVO [memberId=pcwk06, name=이상무06, password=4321a, email=yejiad12@gmail.com, loginCount=0, regDt=2025-04-23, role=일반, toString()=com.pcwk.ehr.member.vo.MemberVO@79e4c792]
2. flag:1
┌──────────────────────┐
│ List<MemberVO>       │
└──────────────────────┘
MemberVO [memberId=pcwk01, name=이상무01, password=4321a, email=yejiad12@gmail.com, loginCount=0, regDt=2025-04-18, role=일반, toString()=com.pcwk.ehr.member.vo.MemberVO@54422e18]
MemberVO [memberId=pcwk02, name=이상무02, password=4321a, email=yejiad12@gmail.com, loginCount=0, regDt=2025-04-19, role=일반, toString()=com.pcwk.ehr.member.vo.MemberVO@75437611]
MemberVO [memberId=pcwk03, name=이상무03, password=4321a, email=yejiad12@gmail.com, loginCount=0, regDt=2025-04-20, role=일반, toString()=com.pcwk.ehr.member.vo.MemberVO@350aac89]
MemberVO [memberId=pcwk04, name=이상무04, password=4321a, email=yejiad12@gmail.com, loginCount=0, regDt=2025-04-21, role=일반, toString()=com.pcwk.ehr.member.vo.MemberVO@1c5920df]
MemberVO [memberId=pcwk05, name=이상무05, password=4321a, email=yejiad12@gmail.com, loginCount=0, regDt=2025-04-22, role=관리자, toString()=com.pcwk.ehr.member.vo.MemberVO@17f9d882]
1. param:MemberVO [memberId=pcwk06, name=이상무06, password=4321a, email=yejiad12@gmail.com, loginCount=0, regDt=2025-04-23, role=일반, toString()=com.pcwk.ehr.member.vo.MemberVO@79e4c792]
2. flag:1
┌──────────────────────┐
│ List<MemberVO>       │
└──────────────────────┘
MemberVO [memberId=pcwk01, name=이상무01, password=4321a, email=yejiad12@gmail.com, loginCount=0, regDt=2025-04-18, role=일반, toString()=com.pcwk.ehr.member.vo.MemberVO@54422e18]
MemberVO [memberId=pcwk02, name=이상무02, password=4321a, email=yejiad12@gmail.com, loginCount=0, regDt=2025-04-19, role=일반, toString()=com.pcwk.ehr.member.vo.MemberVO@75437611]
MemberVO [memberId=pcwk03, name=이상무03, password=4321a, email=yejiad12@gmail.com, loginCount=0, regDt=2025-04-20, role=일반, toString()=com.pcwk.ehr.member.vo.MemberVO@350aac89]
MemberVO [memberId=pcwk04, name=이상무04, password=4321a, email=yejiad12@gmail.com, loginCount=0, regDt=2025-04-21, role=일반, toString()=com.pcwk.ehr.member.vo.MemberVO@1c5920df]
MemberVO [memberId=pcwk05, name=이상무05, password=4321a, email=yejiad12@gmail.com, loginCount=0, regDt=2025-04-22, role=관리자, toString()=com.pcwk.ehr.member.vo.MemberVO@17f9d882]
1. param:MemberVO [memberId=pcwk06, name=이상무06, password=4321a, email=yejiad12@gmail.com, loginCount=0, regDt=2025-04-23, role=일반, toString()=com.pcwk.ehr.member.vo.MemberVO@79e4c792]
2. flag:1
┌──────────────────────┐
│ List<MemberVO>       │
└──────────────────────┘
MemberVO [memberId=pcwk01, name=이상무01, password=4321a, email=yejiad12@gmail.com, loginCount=0, regDt=2025-04-18, role=일반, toString()=com.pcwk.ehr.member.vo.MemberVO@54422e18]
MemberVO [memberId=pcwk02, name=이상무02, password=4321a, email=yejiad12@gmail.com, loginCount=0, regDt=2025-04-19, role=일반, toString()=com.pcwk.ehr.member.vo.MemberVO@75437611]
MemberVO [memberId=pcwk03, name=이상무03, password=4321a, email=yejiad12@gmail.com, loginCount=0, regDt=2025-04-20, role=일반, toString()=com.pcwk.ehr.member.vo.MemberVO@350aac89]
MemberVO [memberId=pcwk04, name=이상무04, password=4321a, email=yejiad12@gmail.com, loginCount=0, regDt=2025-04-21, role=일반, toString()=com.pcwk.ehr.member.vo.MemberVO@1c5920df]
MemberVO [memberId=pcwk05, name=이상무05, password=4321a, email=yejiad12@gmail.com, loginCount=0, regDt=2025-04-22, role=관리자, toString()=com.pcwk.ehr.member.vo.MemberVO@17f9d882]
MemberVO [memberId=pcwk06, name=이상무06, password=4321a, email=yejiad12@gmail.com, loginCount=0, regDt=2025-04-23, role=일반, toString()=com.pcwk.ehr.member.vo.MemberVO@79e4c792]
MemberVO [memberId=pcwk01, name=이상무01, password=4321a, email=yejiad12@gmail.com, loginCount=0, regDt=2025-04-18, role=일반, toString()=com.pcwk.ehr.member.vo.MemberVO@196a42c3]
MemberVO [memberId=pcwk02, name=이상무02, password=4321a, email=yejiad12@gmail.com, loginCount=0, regDt=2025-04-19, role=일반, toString()=com.pcwk.ehr.member.vo.MemberVO@4c60d6e9]
MemberVO [memberId=pcwk03, name=이상무03, password=4321a, email=yejiad12@gmail.com, loginCount=0, regDt=2025-04-20, role=일반, toString()=com.pcwk.ehr.member.vo.MemberVO@15043a2f]
MemberVO [memberId=pcwk04, name=이상무04, password=4321a, email=yejiad12@gmail.com, loginCount=0, regDt=2025-04-21, role=일반, toString()=com.pcwk.ehr.member.vo.MemberVO@4a83a74a]
MemberVO [memberId=pcwk05, name=이상무05, password=4321a, email=yejiad12@gmail.com, loginCount=0, regDt=2025-04-22, role=관리자, toString()=com.pcwk.ehr.member.vo.MemberVO@1349883]
┌──────────────────────┐
│ List<MemberVO>       │
└──────────────────────┘
MemberVO [memberId=pcwk01, name=이상무01, password=4321a, email=yejiad12@gmail.com, loginCount=0, regDt=2025-04-18, role=일반, toString()=com.pcwk.ehr.member.vo.MemberVO@54422e18]
MemberVO [memberId=pcwk02, name=이상무02, password=4321a, email=yejiad12@gmail.com, loginCount=0, regDt=2025-04-19, role=일반, toString()=com.pcwk.ehr.member.vo.MemberVO@75437611]
MemberVO [memberId=pcwk03, name=이상무03, password=4321a, email=yejiad12@gmail.com, loginCount=0, regDt=2025-04-20, role=일반, toString()=com.pcwk.ehr.member.vo.MemberVO@350aac89]
MemberVO [memberId=pcwk04, name=이상무04, password=4321a, email=yejiad12@gmail.com, loginCount=0, regDt=2025-04-21, role=일반, toString()=com.pcwk.ehr.member.vo.MemberVO@1c5920df]
MemberVO [memberId=pcwk05, name=이상무05, password=4321a, email=yejiad12@gmail.com, loginCount=0, regDt=2025-04-22, role=관리자, toString()=com.pcwk.ehr.member.vo.MemberVO@17f9d882]
1. param:MemberVO [memberId=pcwk06, name=이상무06, password=4321a, email=yejiad12@gmail.com, loginCount=0, regDt=2025-04-23, role=일반, toString()=com.pcwk.ehr.member.vo.MemberVO@79e4c792]
2. flag:1
┌──────────────────────┐
│ List<MemberVO>       │
└──────────────────────┘
MemberVO [memberId=pcwk01, name=이상무01, password=4321a, email=yejiad12@gmail.com, loginCount=0, regDt=2025-04-18, role=일반, toString()=com.pcwk.ehr.member.vo.MemberVO@54422e18]
MemberVO [memberId=pcwk02, name=이상무02, password=4321a, email=yejiad12@gmail.com, loginCount=0, regDt=2025-04-19, role=일반, toString()=com.pcwk.ehr.member.vo.MemberVO@75437611]
MemberVO [memberId=pcwk03, name=이상무03, password=4321a, email=yejiad12@gmail.com, loginCount=0, regDt=2025-04-20, role=일반, toString()=com.pcwk.ehr.member.vo.MemberVO@350aac89]
MemberVO [memberId=pcwk04, name=이상무04, password=4321a, email=yejiad12@gmail.com, loginCount=0, regDt=2025-04-21, role=일반, toString()=com.pcwk.ehr.member.vo.MemberVO@1c5920df]
MemberVO [memberId=pcwk05, name=이상무05, password=4321a, email=yejiad12@gmail.com, loginCount=0, regDt=2025-04-22, role=관리자, toString()=com.pcwk.ehr.member.vo.MemberVO@17f9d882]
MemberVO [memberId=pcwk06, name=이상무06, password=4321a, email=yejiad12@gmail.com, loginCount=0, regDt=2025-04-23, role=일반, toString()=com.pcwk.ehr.member.vo.MemberVO@79e4c792]
MemberVO [memberId=pcwk01, name=이상무01, password=4321a, email=yejiad12@gmail.com, loginCount=0, regDt=2025-04-18, role=일반, toString()=com.pcwk.ehr.member.vo.MemberVO@196a42c3]
MemberVO [memberId=pcwk02, name=이상무02, password=4321a, email=yejiad12@gmail.com, loginCount=0, regDt=2025-04-19, role=일반, toString()=com.pcwk.ehr.member.vo.MemberVO@4c60d6e9]
MemberVO [memberId=pcwk03, name=이상무03, password=4321a, email=yejiad12@gmail.com, loginCount=0, regDt=2025-04-20, role=일반, toString()=com.pcwk.ehr.member.vo.MemberVO@15043a2f]
MemberVO [memberId=pcwk04, name=이상무04, password=4321a, email=yejiad12@gmail.com, loginCount=0, regDt=2025-04-21, role=일반, toString()=com.pcwk.ehr.member.vo.MemberVO@4a83a74a]
MemberVO [memberId=pcwk05, name=이상무05, password=4321a, email=yejiad12@gmail.com, loginCount=0, regDt=2025-04-22, role=관리자, toString()=com.pcwk.ehr.member.vo.MemberVO@1349883]
┌──────────────────────┐
│ List<MemberVO>       │
└──────────────────────┘
MemberVO [memberId=pcwk01, name=이상무01, password=4321a, email=yejiad12@gmail.com, loginCount=0, regDt=2025-04-18, role=일반, toString()=com.pcwk.ehr.member.vo.MemberVO@54422e18]
MemberVO [memberId=pcwk02, name=이상무02, password=4321a, email=yejiad12@gmail.com, loginCount=0, regDt=2025-04-19, role=일반, toString()=com.pcwk.ehr.member.vo.MemberVO@75437611]
MemberVO [memberId=pcwk03, name=이상무03, password=4321a, email=yejiad12@gmail.com, loginCount=0, regDt=2025-04-20, role=일반, toString()=com.pcwk.ehr.member.vo.MemberVO@350aac89]
MemberVO [memberId=pcwk04, name=이상무04, password=4321a, email=yejiad12@gmail.com, loginCount=0, regDt=2025-04-21, role=일반, toString()=com.pcwk.ehr.member.vo.MemberVO@1c5920df]
MemberVO [memberId=pcwk05, name=이상무05, password=4321a, email=yejiad12@gmail.com, loginCount=0, regDt=2025-04-22, role=관리자, toString()=com.pcwk.ehr.member.vo.MemberVO@17f9d882]
1. param:MemberVO [memberId=pcwk06, name=이상무06, password=4321a, email=yejiad12@gmail.com, loginCount=0, regDt=2025-04-23, role=일반, toString()=com.pcwk.ehr.member.vo.MemberVO@79e4c792]
2. flag:1
┌──────────────────────┐
│ List<MemberVO>       │
└──────────────────────┘
MemberVO [memberId=pcwk01, name=이상무01, password=4321a, email=yejiad12@gmail.com, loginCount=0, regDt=2025-04-18, role=일반, toString()=com.pcwk.ehr.member.vo.MemberVO@54422e18]
MemberVO [memberId=pcwk02, name=이상무02, password=4321a, email=yejiad12@gmail.com, loginCount=0, regDt=2025-04-19, role=일반, toString()=com.pcwk.ehr.member.vo.MemberVO@75437611]
MemberVO [memberId=pcwk03, name=이상무03, password=4321a, email=yejiad12@gmail.com, loginCount=0, regDt=2025-04-20, role=일반, toString()=com.pcwk.ehr.member.vo.MemberVO@350aac89]
MemberVO [memberId=pcwk04, name=이상무04, password=4321a, email=yejiad12@gmail.com, loginCount=0, regDt=2025-04-21, role=일반, toString()=com.pcwk.ehr.member.vo.MemberVO@1c5920df]
MemberVO [memberId=pcwk05, name=이상무05, password=4321a, email=yejiad12@gmail.com, loginCount=0, regDt=2025-04-22, role=관리자, toString()=com.pcwk.ehr.member.vo.MemberVO@17f9d882]
MemberVO [memberId=pcwk06, name=이상무06, password=4321a, email=yejiad12@gmail.com, loginCount=0, regDt=2025-04-23, role=일반, toString()=com.pcwk.ehr.member.vo.MemberVO@79e4c792]
MemberVO [memberId=pcwk01, name=이상무01, password=4321a, email=yejiad12@gmail.com, loginCount=0, regDt=2025-04-18, role=일반, toString()=com.pcwk.ehr.member.vo.MemberVO@196a42c3]
MemberVO [memberId=pcwk02, name=이상무02, password=4321a, email=yejiad12@gmail.com, loginCount=0, regDt=2025-04-19, role=일반, toString()=com.pcwk.ehr.member.vo.MemberVO@4c60d6e9]
MemberVO [memberId=pcwk03, name=이상무03, password=4321a, email=yejiad12@gmail.com, loginCount=0, regDt=2025-04-20, role=일반, toString()=com.pcwk.ehr.member.vo.MemberVO@15043a2f]
MemberVO [memberId=pcwk04, name=이상무04, password=4321a, email=yejiad12@gmail.com, loginCount=0, regDt=2025-04-21, role=일반, toString()=com.pcwk.ehr.member.vo.MemberVO@4a83a74a]
MemberVO [memberId=pcwk05, name=이상무05, password=4321a, email=yejiad12@gmail.com, loginCount=0, regDt=2025-04-22, role=관리자, toString()=com.pcwk.ehr.member.vo.MemberVO@1349883]
┌──────────────────────┐
│ List<MemberVO>       │
└──────────────────────┘
MemberVO [memberId=pcwk01, name=이상무01, password=4321a, email=yejiad12@gmail.com, loginCount=0, regDt=2025-04-18, role=일반, toString()=com.pcwk.ehr.member.vo.MemberVO@54422e18]
MemberVO [memberId=pcwk02, name=이상무02, password=4321a, email=yejiad12@gmail.com, loginCount=0, regDt=2025-04-19, role=일반, toString()=com.pcwk.ehr.member.vo.MemberVO@75437611]
MemberVO [memberId=pcwk03, name=이상무03, password=4321a, email=yejiad12@gmail.com, loginCount=0, regDt=2025-04-20, role=일반, toString()=com.pcwk.ehr.member.vo.MemberVO@350aac89]
MemberVO [memberId=pcwk04, name=이상무04, password=4321a, email=yejiad12@gmail.com, loginCount=0, regDt=2025-04-21, role=일반, toString()=com.pcwk.ehr.member.vo.MemberVO@1c5920df]
MemberVO [memberId=pcwk05, name=이상무05, password=4321a, email=yejiad12@gmail.com, loginCount=0, regDt=2025-04-22, role=관리자, toString()=com.pcwk.ehr.member.vo.MemberVO@17f9d882]
1. param:MemberVO [memberId=pcwk01, name=이상무06, password=4321a, email=yejiad12@gmail.com, loginCount=0, regDt=2025-04-23, role=일반, toString()=com.pcwk.ehr.member.vo.MemberVO@79e4c792]
┌──────────────────────┐
│ List<MemberVO>       │
└──────────────────────┘
MemberVO [memberId=pcwk01, name=이상무01, password=4321a, email=yejiad12@gmail.com, loginCount=0, regDt=2025-04-18, role=일반, toString()=com.pcwk.ehr.member.vo.MemberVO@54422e18]
MemberVO [memberId=pcwk02, name=이상무02, password=4321a, email=yejiad12@gmail.com, loginCount=0, regDt=2025-04-19, role=일반, toString()=com.pcwk.ehr.member.vo.MemberVO@75437611]
MemberVO [memberId=pcwk03, name=이상무03, password=4321a, email=yejiad12@gmail.com, loginCount=0, regDt=2025-04-20, role=일반, toString()=com.pcwk.ehr.member.vo.MemberVO@350aac89]
MemberVO [memberId=pcwk04, name=이상무04, password=4321a, email=yejiad12@gmail.com, loginCount=0, regDt=2025-04-21, role=일반, toString()=com.pcwk.ehr.member.vo.MemberVO@1c5920df]
MemberVO [memberId=pcwk05, name=이상무05, password=4321a, email=yejiad12@gmail.com, loginCount=0, regDt=2025-04-22, role=관리자, toString()=com.pcwk.ehr.member.vo.MemberVO@17f9d882]
MemberVO [memberId=pcwk01, name=이상무01, password=4321a, email=yejiad12@gmail.com, loginCount=0, regDt=2025-04-18, role=일반, toString()=com.pcwk.ehr.member.vo.MemberVO@196a42c3]
MemberVO [memberId=pcwk02, name=이상무02, password=4321a, email=yejiad12@gmail.com, loginCount=0, regDt=2025-04-19, role=일반, toString()=com.pcwk.ehr.member.vo.MemberVO@4c60d6e9]
MemberVO [memberId=pcwk03, name=이상무03, password=4321a, email=yejiad12@gmail.com, loginCount=0, regDt=2025-04-20, role=일반, toString()=com.pcwk.ehr.member.vo.MemberVO@15043a2f]
MemberVO [memberId=pcwk04, name=이상무04, password=4321a, email=yejiad12@gmail.com, loginCount=0, regDt=2025-04-21, role=일반, toString()=com.pcwk.ehr.member.vo.MemberVO@4a83a74a]
MemberVO [memberId=pcwk05, name=이상무05, password=4321a, email=yejiad12@gmail.com, loginCount=0, regDt=2025-04-22, role=관리자, toString()=com.pcwk.ehr.member.vo.MemberVO@1349883]
┌──────────────────────┐
│ List<MemberVO>       │
└──────────────────────┘
MemberVO [memberId=pcwk01, name=이상무01, password=4321a, email=yejiad12@gmail.com, loginCount=0, regDt=2025-04-18, role=일반, toString()=com.pcwk.ehr.member.vo.MemberVO@54422e18]
MemberVO [memberId=pcwk02, name=이상무02, password=4321a, email=yejiad12@gmail.com, loginCount=0, regDt=2025-04-19, role=일반, toString()=com.pcwk.ehr.member.vo.MemberVO@75437611]
MemberVO [memberId=pcwk03, name=이상무03, password=4321a, email=yejiad12@gmail.com, loginCount=0, regDt=2025-04-20, role=일반, toString()=com.pcwk.ehr.member.vo.MemberVO@350aac89]
MemberVO [memberId=pcwk04, name=이상무04, password=4321a, email=yejiad12@gmail.com, loginCount=0, regDt=2025-04-21, role=일반, toString()=com.pcwk.ehr.member.vo.MemberVO@1c5920df]
MemberVO [memberId=pcwk05, name=이상무05, password=4321a, email=yejiad12@gmail.com, loginCount=0, regDt=2025-04-22, role=관리자, toString()=com.pcwk.ehr.member.vo.MemberVO@17f9d882]
1. param:MemberVO [memberId=pcwk01, name=이상무06, password=4321a, email=yejiad12@gmail.com, loginCount=0, regDt=2025-04-23, role=일반, toString()=com.pcwk.ehr.member.vo.MemberVO@79e4c792]
┌──────────────────────┐
│ List<MemberVO>       │
└──────────────────────┘
MemberVO [memberId=pcwk01, name=이상무01, password=4321a, email=yejiad12@gmail.com, loginCount=0, regDt=2025-04-18, role=일반, toString()=com.pcwk.ehr.member.vo.MemberVO@54422e18]
MemberVO [memberId=pcwk02, name=이상무02, password=4321a, email=yejiad12@gmail.com, loginCount=0, regDt=2025-04-19, role=일반, toString()=com.pcwk.ehr.member.vo.MemberVO@75437611]
MemberVO [memberId=pcwk03, name=이상무03, password=4321a, email=yejiad12@gmail.com, loginCount=0, regDt=2025-04-20, role=일반, toString()=com.pcwk.ehr.member.vo.MemberVO@350aac89]
MemberVO [memberId=pcwk04, name=이상무04, password=4321a, email=yejiad12@gmail.com, loginCount=0, regDt=2025-04-21, role=일반, toString()=com.pcwk.ehr.member.vo.MemberVO@1c5920df]
MemberVO [memberId=pcwk05, name=이상무05, password=4321a, email=yejiad12@gmail.com, loginCount=0, regDt=2025-04-22, role=관리자, toString()=com.pcwk.ehr.member.vo.MemberVO@17f9d882]
1. param:MemberVO [memberId=pcwk01, name=이상무06, password=4321a, email=yejiad12@gmail.com, loginCount=0, regDt=2025-04-23, role=일반, toString()=com.pcwk.ehr.member.vo.MemberVO@79e4c792]
┌──────────────────────┐
│ List<MemberVO>       │
└──────────────────────┘
MemberVO [memberId=pcwk01, name=이상무01, password=4321a, email=yejiad12@gmail.com, loginCount=0, regDt=2025-04-18, role=일반, toString()=com.pcwk.ehr.member.vo.MemberVO@54422e18]
MemberVO [memberId=pcwk02, name=이상무02, password=4321a, email=yejiad12@gmail.com, loginCount=0, regDt=2025-04-19, role=일반, toString()=com.pcwk.ehr.member.vo.MemberVO@75437611]
MemberVO [memberId=pcwk03, name=이상무03, password=4321a, email=yejiad12@gmail.com, loginCount=0, regDt=2025-04-20, role=일반, toString()=com.pcwk.ehr.member.vo.MemberVO@350aac89]
MemberVO [memberId=pcwk04, name=이상무04, password=4321a, email=yejiad12@gmail.com, loginCount=0, regDt=2025-04-21, role=일반, toString()=com.pcwk.ehr.member.vo.MemberVO@1c5920df]
MemberVO [memberId=pcwk05, name=이상무05, password=4321a, email=yejiad12@gmail.com, loginCount=0, regDt=2025-04-22, role=관리자, toString()=com.pcwk.ehr.member.vo.MemberVO@17f9d882]
MemberVO [memberId=pcwk01, name=이상무01, password=4321a, email=yejiad12@gmail.com, loginCount=0, regDt=2025-04-18, role=일반, toString()=com.pcwk.ehr.member.vo.MemberVO@196a42c3]
MemberVO [memberId=pcwk02, name=이상무02, password=4321a, email=yejiad12@gmail.com, loginCount=0, regDt=2025-04-19, role=일반, toString()=com.pcwk.ehr.member.vo.MemberVO@4c60d6e9]
MemberVO [memberId=pcwk03, name=이상무03, password=4321a, email=yejiad12@gmail.com, loginCount=0, regDt=2025-04-20, role=일반, toString()=com.pcwk.ehr.member.vo.MemberVO@15043a2f]
MemberVO [memberId=pcwk04, name=이상무04, password=4321a, email=yejiad12@gmail.com, loginCount=0, regDt=2025-04-21, role=일반, toString()=com.pcwk.ehr.member.vo.MemberVO@4a83a74a]
MemberVO [memberId=pcwk05, name=이상무05, password=4321a, email=yejiad12@gmail.com, loginCount=0, regDt=2025-04-22, role=관리자, toString()=com.pcwk.ehr.member.vo.MemberVO@1349883]
1. param:MemberVO [memberId=pcwk01, name=null, password=null, email=null, loginCount=0, regDt=null, role=null, toString()=com.pcwk.ehr.member.vo.MemberVO@4b29d1d2]
2. outVO: MemberVO [memberId=pcwk01, name=이상무01, password=4321a, email=yejiad12@gmail.com, loginCount=0, regDt=2025-04-18, role=일반, toString()=com.pcwk.ehr.member.vo.MemberVO@54422e18]
┌──────────────────────┐
│ List<MemberVO>       │
└──────────────────────┘
MemberVO [memberId=pcwk01, name=이상무01, password=4321a, email=yejiad12@gmail.com, loginCount=0, regDt=2025-04-18, role=일반, toString()=com.pcwk.ehr.member.vo.MemberVO@54422e18]
MemberVO [memberId=pcwk02, name=이상무02, password=4321a, email=yejiad12@gmail.com, loginCount=0, regDt=2025-04-19, role=일반, toString()=com.pcwk.ehr.member.vo.MemberVO@75437611]
MemberVO [memberId=pcwk03, name=이상무03, password=4321a, email=yejiad12@gmail.com, loginCount=0, regDt=2025-04-20, role=일반, toString()=com.pcwk.ehr.member.vo.MemberVO@350aac89]
MemberVO [memberId=pcwk04, name=이상무04, password=4321a, email=yejiad12@gmail.com, loginCount=0, regDt=2025-04-21, role=일반, toString()=com.pcwk.ehr.member.vo.MemberVO@1c5920df]
MemberVO [memberId=pcwk05, name=이상무05, password=4321a, email=yejiad12@gmail.com, loginCount=0, regDt=2025-04-22, role=관리자, toString()=com.pcwk.ehr.member.vo.MemberVO@17f9d882]
1. param:MemberVO [memberId=pcwk01, name=이상무06, password=4321a, email=yejiad12@gmail.com, loginCount=0, regDt=2025-04-23, role=일반, toString()=com.pcwk.ehr.member.vo.MemberVO@79e4c792]
┌──────────────────────┐
│ List<MemberVO>       │
└──────────────────────┘
MemberVO [memberId=pcwk01, name=이상무01, password=4321a, email=yejiad12@gmail.com, loginCount=0, regDt=2025-04-18, role=일반, toString()=com.pcwk.ehr.member.vo.MemberVO@54422e18]
MemberVO [memberId=pcwk02, name=이상무02, password=4321a, email=yejiad12@gmail.com, loginCount=0, regDt=2025-04-19, role=일반, toString()=com.pcwk.ehr.member.vo.MemberVO@75437611]
MemberVO [memberId=pcwk03, name=이상무03, password=4321a, email=yejiad12@gmail.com, loginCount=0, regDt=2025-04-20, role=일반, toString()=com.pcwk.ehr.member.vo.MemberVO@350aac89]
MemberVO [memberId=pcwk04, name=이상무04, password=4321a, email=yejiad12@gmail.com, loginCount=0, regDt=2025-04-21, role=일반, toString()=com.pcwk.ehr.member.vo.MemberVO@1c5920df]
MemberVO [memberId=pcwk05, name=이상무05, password=4321a, email=yejiad12@gmail.com, loginCount=0, regDt=2025-04-22, role=관리자, toString()=com.pcwk.ehr.member.vo.MemberVO@17f9d882]
MemberVO [memberId=pcwk01, name=이상무01, password=4321a, email=yejiad12@gmail.com, loginCount=0, regDt=2025-04-18, role=일반, toString()=com.pcwk.ehr.member.vo.MemberVO@196a42c3]
MemberVO [memberId=pcwk02, name=이상무02, password=4321a, email=yejiad12@gmail.com, loginCount=0, regDt=2025-04-19, role=일반, toString()=com.pcwk.ehr.member.vo.MemberVO@4c60d6e9]
MemberVO [memberId=pcwk03, name=이상무03, password=4321a, email=yejiad12@gmail.com, loginCount=0, regDt=2025-04-20, role=일반, toString()=com.pcwk.ehr.member.vo.MemberVO@15043a2f]
MemberVO [memberId=pcwk04, name=이상무04, password=4321a, email=yejiad12@gmail.com, loginCount=0, regDt=2025-04-21, role=일반, toString()=com.pcwk.ehr.member.vo.MemberVO@4a83a74a]
MemberVO [memberId=pcwk05, name=이상무05, password=4321a, email=yejiad12@gmail.com, loginCount=0, regDt=2025-04-22, role=관리자, toString()=com.pcwk.ehr.member.vo.MemberVO@1349883]
1. param:MemberVO [memberId=pcwk01, name=null, password=null, email=null, loginCount=0, regDt=null, role=null, toString()=com.pcwk.ehr.member.vo.MemberVO@4b29d1d2]
2. outVO: MemberVO [memberId=pcwk01, name=이상무01, password=4321a, email=yejiad12@gmail.com, loginCount=0, regDt=2025-04-18, role=일반, toString()=com.pcwk.ehr.member.vo.MemberVO@54422e18]
